CRITICAL - 2022-12-11 16:10:51 --> Invalid file: home.php
in SYSTEMPATH\Exceptions\FrameworkException.php on line 33.
 1 SYSTEMPATH\View\View.php(201): CodeIgniter\Exceptions\FrameworkException::forInvalidFile('home.php')
 2 SYSTEMPATH\Common.php(1134): CodeIgniter\View\View->render('home', [], true)
 3 APPPATH\Controllers\Users.php(64): view('home')
 4 SYSTEMPATH\CodeIgniter.php(927): App\Controllers\Users->home()
 5 SYSTEMPATH\CodeIgniter.php(482): CodeIgniter\CodeIgniter->runController(Object(App\Controllers\Users))
 6 SYSTEMPATH\CodeIgniter.php(351): CodeIgniter\CodeIgniter->handleRequest(null, Object(Config\Cache), false)
 7 FCPATH\index.php(67): CodeIgniter\CodeIgniter->run()
CRITICAL - 2022-12-11 16:34:29 --> Invalid file: templates/header.php
in SYSTEMPATH\Exceptions\FrameworkException.php on line 33.
 1 SYSTEMPATH\View\View.php(201): CodeIgniter\Exceptions\FrameworkException::forInvalidFile('templates/header.php')
 2 SYSTEMPATH\Common.php(1134): CodeIgniter\View\View->render('templates/header', [], true)
 3 APPPATH\Controllers\Dashboard.php(9): view('templates/header', [])
 4 SYSTEMPATH\CodeIgniter.php(927): App\Controllers\Dashboard->index()
 5 SYSTEMPATH\CodeIgniter.php(482): CodeIgniter\CodeIgniter->runController(Object(App\Controllers\Dashboard))
 6 SYSTEMPATH\CodeIgniter.php(351): CodeIgniter\CodeIgniter->handleRequest(null, Object(Config\Cache), false)
 7 FCPATH\index.php(67): CodeIgniter\CodeIgniter->run()
CRITICAL - 2022-12-11 16:47:19 --> syntax error, unexpected token "if"
in APPPATH\Config\Routes.php on line 60.
 1 SYSTEMPATH\CodeIgniter.php(430): CodeIgniter\CodeIgniter->tryToRouteIt(null)
 2 SYSTEMPATH\CodeIgniter.php(351): CodeIgniter\CodeIgniter->handleRequest(null, Object(Config\Cache), false)
 3 FCPATH\index.php(67): CodeIgniter\CodeIgniter->run()
CRITICAL - 2022-12-11 20:05:45 --> Undefined property: App\Controllers\Users::$UserModel
in APPPATH\Controllers\Users.php on line 153.
 1 APPPATH\Controllers\Users.php(153): CodeIgniter\Debug\Exceptions->errorHandler(2, 'Undefined property: App\\Controllers\\Users::$UserModel', 'APPPATH\\Controllers\\Users.php', 153)
 2 SYSTEMPATH\CodeIgniter.php(927): App\Controllers\Users->deleteAccount()
 3 SYSTEMPATH\CodeIgniter.php(482): CodeIgniter\CodeIgniter->runController(Object(App\Controllers\Users))
 4 SYSTEMPATH\CodeIgniter.php(351): CodeIgniter\CodeIgniter->handleRequest(null, Object(Config\Cache), false)
 5 FCPATH\index.php(67): CodeIgniter\CodeIgniter->run()
CRITICAL - 2022-12-11 20:06:38 --> Undefined property: App\Controllers\Users::$UserModel
in APPPATH\Controllers\Users.php on line 153.
 1 APPPATH\Controllers\Users.php(153): CodeIgniter\Debug\Exceptions->errorHandler(2, 'Undefined property: App\\Controllers\\Users::$UserModel', 'APPPATH\\Controllers\\Users.php', 153)
 2 SYSTEMPATH\CodeIgniter.php(927): App\Controllers\Users->deleteAccount()
 3 SYSTEMPATH\CodeIgniter.php(482): CodeIgniter\CodeIgniter->runController(Object(App\Controllers\Users))
 4 SYSTEMPATH\CodeIgniter.php(351): CodeIgniter\CodeIgniter->handleRequest(null, Object(Config\Cache), false)
 5 FCPATH\index.php(67): CodeIgniter\CodeIgniter->run()
CRITICAL - 2022-12-11 20:24:08 --> Undefined property: App\Controllers\Users::$UserModel
in APPPATH\Controllers\Users.php on line 153.
 1 APPPATH\Controllers\Users.php(153): CodeIgniter\Debug\Exceptions->errorHandler(2, 'Undefined property: App\\Controllers\\Users::$UserModel', 'APPPATH\\Controllers\\Users.php', 153)
 2 SYSTEMPATH\CodeIgniter.php(927): App\Controllers\Users->deleteAccount()
 3 SYSTEMPATH\CodeIgniter.php(482): CodeIgniter\CodeIgniter->runController(Object(App\Controllers\Users))
 4 SYSTEMPATH\CodeIgniter.php(351): CodeIgniter\CodeIgniter->handleRequest(null, Object(Config\Cache), false)
 5 FCPATH\index.php(67): CodeIgniter\CodeIgniter->run()
CRITICAL - 2022-12-11 20:25:25 --> Undefined property: App\Controllers\Users::$UserModel
in APPPATH\Controllers\Users.php on line 153.
 1 APPPATH\Controllers\Users.php(153): CodeIgniter\Debug\Exceptions->errorHandler(2, 'Undefined property: App\\Controllers\\Users::$UserModel', 'APPPATH\\Controllers\\Users.php', 153)
 2 SYSTEMPATH\CodeIgniter.php(927): App\Controllers\Users->deleteAccount()
 3 SYSTEMPATH\CodeIgniter.php(482): CodeIgniter\CodeIgniter->runController(Object(App\Controllers\Users))
 4 SYSTEMPATH\CodeIgniter.php(351): CodeIgniter\CodeIgniter->handleRequest(null, Object(Config\Cache), false)
 5 FCPATH\index.php(67): CodeIgniter\CodeIgniter->run()
CRITICAL - 2022-12-11 20:28:07 --> Undefined property: App\Controllers\Users::$UserModel
in APPPATH\Controllers\Users.php on line 153.
 1 APPPATH\Controllers\Users.php(153): CodeIgniter\Debug\Exceptions->errorHandler(2, 'Undefined property: App\\Controllers\\Users::$UserModel', 'APPPATH\\Controllers\\Users.php', 153)
 2 SYSTEMPATH\CodeIgniter.php(927): App\Controllers\Users->deleteAccount()
 3 SYSTEMPATH\CodeIgniter.php(482): CodeIgniter\CodeIgniter->runController(Object(App\Controllers\Users))
 4 SYSTEMPATH\CodeIgniter.php(351): CodeIgniter\CodeIgniter->handleRequest(null, Object(Config\Cache), false)
 5 FCPATH\index.php(67): CodeIgniter\CodeIgniter->run()
CRITICAL - 2022-12-11 20:28:30 --> Undefined property: App\Controllers\Users::$UserModel
in APPPATH\Controllers\Users.php on line 153.
 1 APPPATH\Controllers\Users.php(153): CodeIgniter\Debug\Exceptions->errorHandler(2, 'Undefined property: App\\Controllers\\Users::$UserModel', 'APPPATH\\Controllers\\Users.php', 153)
 2 SYSTEMPATH\CodeIgniter.php(927): App\Controllers\Users->deleteAccount()
 3 SYSTEMPATH\CodeIgniter.php(482): CodeIgniter\CodeIgniter->runController(Object(App\Controllers\Users))
 4 SYSTEMPATH\CodeIgniter.php(351): CodeIgniter\CodeIgniter->handleRequest(null, Object(Config\Cache), false)
 5 FCPATH\index.php(67): CodeIgniter\CodeIgniter->run()
CRITICAL - 2022-12-11 20:28:41 --> Undefined property: App\Controllers\Users::$UserModel
in APPPATH\Controllers\Users.php on line 153.
 1 APPPATH\Controllers\Users.php(153): CodeIgniter\Debug\Exceptions->errorHandler(2, 'Undefined property: App\\Controllers\\Users::$UserModel', 'APPPATH\\Controllers\\Users.php', 153)
 2 SYSTEMPATH\CodeIgniter.php(927): App\Controllers\Users->deleteAccount()
 3 SYSTEMPATH\CodeIgniter.php(482): CodeIgniter\CodeIgniter->runController(Object(App\Controllers\Users))
 4 SYSTEMPATH\CodeIgniter.php(351): CodeIgniter\CodeIgniter->handleRequest(null, Object(Config\Cache), false)
 5 FCPATH\index.php(67): CodeIgniter\CodeIgniter->run()
CRITICAL - 2022-12-11 20:32:37 --> Undefined property: App\Controllers\Users::$UserModel
in APPPATH\Controllers\Users.php on line 153.
 1 APPPATH\Controllers\Users.php(153): CodeIgniter\Debug\Exceptions->errorHandler(2, 'Undefined property: App\\Controllers\\Users::$UserModel', 'APPPATH\\Controllers\\Users.php', 153)
 2 SYSTEMPATH\CodeIgniter.php(927): App\Controllers\Users->deleteAccount()
 3 SYSTEMPATH\CodeIgniter.php(482): CodeIgniter\CodeIgniter->runController(Object(App\Controllers\Users))
 4 SYSTEMPATH\CodeIgniter.php(351): CodeIgniter\CodeIgniter->handleRequest(null, Object(Config\Cache), false)
 5 FCPATH\index.php(67): CodeIgniter\CodeIgniter->run()
CRITICAL - 2022-12-11 20:37:13 --> Too few arguments to function App\Controllers\Users::deleteAccount(), 0 passed in C:\xampp\htdocs\ProjectAWT\system\CodeIgniter.php on line 927 and exactly 1 expected
in APPPATH\Controllers\Users.php on line 152.
 1 SYSTEMPATH\CodeIgniter.php(927): App\Controllers\Users->deleteAccount()
 2 SYSTEMPATH\CodeIgniter.php(482): CodeIgniter\CodeIgniter->runController(Object(App\Controllers\Users))
 3 SYSTEMPATH\CodeIgniter.php(351): CodeIgniter\CodeIgniter->handleRequest(null, Object(Config\Cache), false)
 4 FCPATH\index.php(67): CodeIgniter\CodeIgniter->run()
CRITICAL - 2022-12-11 22:11:31 --> Undefined property: App\Controllers\Users::$UserModel
in APPPATH\Controllers\Users.php on line 153.
 1 APPPATH\Controllers\Users.php(153): CodeIgniter\Debug\Exceptions->errorHandler(2, 'Undefined property: App\\Controllers\\Users::$UserModel', 'APPPATH\\Controllers\\Users.php', 153)
 2 SYSTEMPATH\CodeIgniter.php(927): App\Controllers\Users->deleteAccount()
 3 SYSTEMPATH\CodeIgniter.php(482): CodeIgniter\CodeIgniter->runController(Object(App\Controllers\Users))
 4 SYSTEMPATH\CodeIgniter.php(351): CodeIgniter\CodeIgniter->handleRequest(null, Object(Config\Cache), false)
 5 FCPATH\index.php(67): CodeIgniter\CodeIgniter->run()
